#
# There is insufficient memory for the Java Runtime Environment to continue.
# Native memory allocation (malloc) failed to allocate 928736 bytes for Chunk::new
# Possible reasons:
#   The system is out of physical RAM or swap space
#   The process is running with CompressedOops enabled, and the Java Heap may be blocking the growth of the native heap
# Possible solutions:
#   Reduce memory load on the system
#   Increase physical memory or swap space
#   Check if swap backing store is full
#   Decrease Java heap size (-Xmx/-Xms)
#   Decrease number of Java threads
#   Decrease Java thread stack sizes (-Xss)
#   Set larger code cache with -XX:ReservedCodeCacheSize=
#   JVM is running with Unscaled Compressed Oops mode in which the Java heap is
#     placed in the first 4GB address space. The Java Heap base address is the
#     maximum limit for the native heap growth. Please use -XX:HeapBaseMinAddress
#     to set the Java Heap base and to place the Java Heap above 4GB virtual address.
# This output file may be truncated or incomplete.
#
#  Out of Memory Error (allocation.cpp:390), pid=22112, tid=0x0000000000006fb8
#
# JRE version: Java(TM) SE Runtime Environment (8.0_201-b09) (build 1.8.0_201-b09)
# Java VM: Java HotSpot(TM) 64-Bit Server VM (25.201-b09 mixed mode windows-amd64 compressed oops)
# Failed to write core dump. Minidumps are not enabled by default on client versions of Windows
#

---------------  T H R E A D  ---------------

Current thread (0x0000000019d7b000):  JavaThread "C2 CompilerThread0" daemon [_thread_in_native, id=28600, stack(0x000000001a6e0000,0x000000001a7e0000)]

Stack: [0x000000001a6e0000,0x000000001a7e0000]
[error occurred during error reporting (printing stack bounds), id 0xc0000005]

Native frames: (J=compiled Java code, j=interpreted, Vv=VM code, C=native code)


Current CompileTask:
C2:  13995 3353   !   4       java.net.URLClassLoader$1::run (63 bytes)


---------------  P R O C E S S  ---------------

Java Threads: ( => current thread )
  0x0000000019e19800 JavaThread "Service Thread" daemon [_thread_blocked, id=28188, stack(0x000000001aae0000,0x000000001abe0000)]
  0x0000000019d8b000 JavaThread "C1 CompilerThread3" daemon [_thread_blocked, id=21940, stack(0x000000001a9e0000,0x000000001aae0000)]
  0x0000000019d7f800 JavaThread "C2 CompilerThread2" daemon [_thread_in_native, id=26280, stack(0x000000001a8e0000,0x000000001a9e0000)]
  0x0000000019d7f000 JavaThread "C2 CompilerThread1" daemon [_thread_blocked, id=27692, stack(0x000000001a7e0000,0x000000001a8e0000)]
=>0x0000000019d7b000 JavaThread "C2 CompilerThread0" daemon [_thread_in_native, id=28600, stack(0x000000001a6e0000,0x000000001a7e0000)]
  0x0000000019d81000 JavaThread "Monitor Ctrl-Break" daemon [_thread_in_native, id=8764, stack(0x000000001a5e0000,0x000000001a6e0000)]
  0x0000000019d11800 JavaThread "Attach Listener" daemon [_thread_blocked, id=704, stack(0x000000001a4e0000,0x000000001a5e0000)]
  0x0000000019d10000 JavaThread "Signal Dispatcher" daemon [_thread_blocked, id=24204, stack(0x000000001a3e0000,0x000000001a4e0000)]
  0x0000000017efe000 JavaThread "Finalizer" daemon [_thread_blocked, id=27896, stack(0x000000001a1e0000,0x000000001a2e0000)]
  0x0000000017efd000 JavaThread "Reference Handler" daemon [_thread_blocked, id=21216, stack(0x000000001a0e0000,0x000000001a1e0000)]
  0x0000000002c5e000 JavaThread "main" [_thread_in_vm, id=9612, stack(0x0000000002c60000,0x0000000002d60000)]

Other Threads:
  0x0000000017ef9000 VMThread [stack: 0x0000000019be0000,0x0000000019ce0000] [id=18472]
  0x0000000019e3e800 WatcherThread [stack: 0x000000001abe0000,0x000000001ace0000] [id=10036]

VM state:not at safepoint (normal execution)

VM Mutex/Monitor currently owned by a thread: None

heap address: 0x0000000082600000, size: 2010 MB, Compressed Oops mode: 32-bit
Narrow klass base: 0x0000000000000000, Narrow klass shift: 3
Compressed class space size: 1073741824 Address: 0x0000000100000000

Heap:
 PSYoungGen      total 76800K, used 32138K [0x00000000d6200000, 0x00000000db800000, 0x0000000100000000)
  eden space 65536K, 31% used [0x00000000d6200000,0x00000000d7662a10,0x00000000da200000)
  from space 11264K, 100% used [0x00000000da200000,0x00000000dad00000,0x00000000dad00000)
  to   space 10752K, 0% used [0x00000000dad80000,0x00000000dad80000,0x00000000db800000)
 ParOldGen       total 86016K, used 15920K [0x0000000082600000, 0x0000000087a00000, 0x00000000d6200000)
  object space 86016K, 18% used [0x0000000082600000,0x000000008358c228,0x0000000087a00000)
 Metaspace       used 19033K, capacity 19438K, committed 19584K, reserved 1067008K
  class space    used 2266K, capacity 2389K, committed 2432K, reserved 1048576K

Card table byte_map: [0x00000000123c0000,0x00000000127b0000] byte_map_base: 0x0000000011fad000

Marking Bits: (ParMarkBitMap*) 0x000000006e134ce0
 Begin Bits: [0x0000000013250000, 0x00000000151b8000)
 End Bits:   [0x00000000151b8000, 0x0000000017120000)

Polling page: 0x00000000013e0000

CodeCache: size=245760Kb used=10190Kb max_used=11762Kb free=235569Kb
 bounds [0x0000000003000000, 0x0000000003b90000, 0x0000000012000000]
 total_blobs=3289 nmethods=2929 adapters=272
 compilation: enabled

Compilation events (10 events):
Event: 13.959 Thread 0x0000000019d8b000 3364       3       com.sun.tools.javac.util.ArrayUtils::ensureCapacity (30 bytes)
Event: 13.960 Thread 0x0000000019d8b000 nmethod 3364 0x00000000031164d0 code [0x0000000003116660, 0x0000000003116a08]
Event: 13.960 Thread 0x0000000019d8b000 3365       3       com.sun.tools.javac.util.List::nil (4 bytes)
Event: 13.960 Thread 0x0000000019d8b000 nmethod 3365 0x00000000034378d0 code [0x0000000003437a20, 0x0000000003437b50]
Event: 13.960 Thread 0x0000000019d8b000 3366       3       com.sun.tools.javac.code.AnnoConstruct::<init> (5 bytes)
Event: 13.960 Thread 0x0000000019d8b000 nmethod 3366 0x00000000037ddd10 code [0x00000000037dde60, 0x00000000037de010]
Event: 13.960 Thread 0x0000000019d8b000 3367       3       com.sun.tools.javac.util.Names::fromString (9 bytes)
Event: 13.961 Thread 0x0000000019d8b000 nmethod 3367 0x00000000032b9e90 code [0x00000000032ba020, 0x00000000032ba558]
Event: 13.961 Thread 0x0000000019d8b000 3368       3       com.sun.tools.javac.util.Assert::check (8 bytes)
Event: 13.961 Thread 0x0000000019d8b000 nmethod 3368 0x0000000003192b50 code [0x0000000003192cc0, 0x0000000003192f48]

GC Heap History (10 events):
Event: 2.528 GC heap before
{Heap before GC invocations=3 (full 0):
 PSYoungGen      total 37888K, used 37879K [0x00000000d6200000, 0x00000000dac00000, 0x0000000100000000)
  eden space 32768K, 100% used [0x00000000d6200000,0x00000000d8200000,0x00000000d8200000)
  from space 5120K, 99% used [0x00000000d8700000,0x00000000d8bfdc90,0x00000000d8c00000)
  to   space 5120K, 0% used [0x00000000d8200000,0x00000000d8200000,0x00000000d8700000)
 ParOldGen       total 86016K, used 1597K [0x0000000082600000, 0x0000000087a00000, 0x00000000d6200000)
  object space 86016K, 1% used [0x0000000082600000,0x000000008278f6c8,0x0000000087a00000)
 Metaspace       used 14754K, capacity 14970K, committed 15232K, reserved 1062912K
  class space    used 1824K, capacity 1907K, committed 1920K, reserved 1048576K
Event: 2.541 GC heap after
Heap after GC invocations=3 (full 0):
 PSYoungGen      total 37888K, used 5088K [0x00000000d6200000, 0x00000000d8c00000, 0x0000000100000000)
  eden space 32768K, 0% used [0x00000000d6200000,0x00000000d6200000,0x00000000d8200000)
  from space 5120K, 99% used [0x00000000d8200000,0x00000000d86f8020,0x00000000d8700000)
  to   space 5120K, 0% used [0x00000000d8700000,0x00000000d8700000,0x00000000d8c00000)
 ParOldGen       total 86016K, used 5376K [0x0000000082600000, 0x0000000087a00000, 0x00000000d6200000)
  object space 86016K, 6% used [0x0000000082600000,0x0000000082b40050,0x0000000087a00000)
 Metaspace       used 14754K, capacity 14970K, committed 15232K, reserved 1062912K
  class space    used 1824K, capacity 1907K, committed 1920K, reserved 1048576K
}
Event: 3.086 GC heap before
{Heap before GC invocations=4 (full 0):
 PSYoungGen      total 37888K, used 37856K [0x00000000d6200000, 0x00000000d8c00000, 0x0000000100000000)
  eden space 32768K, 100% used [0x00000000d6200000,0x00000000d8200000,0x00000000d8200000)
  from space 5120K, 99% used [0x00000000d8200000,0x00000000d86f8020,0x00000000d8700000)
  to   space 5120K, 0% used [0x00000000d8700000,0x00000000d8700000,0x00000000d8c00000)
 ParOldGen       total 86016K, used 5376K [0x0000000082600000, 0x0000000087a00000, 0x00000000d6200000)
  object space 86016K, 6% used [0x0000000082600000,0x0000000082b40050,0x0000000087a00000)
 Metaspace       used 15125K, capacity 15398K, committed 15616K, reserved 1062912K
  class space    used 1837K, capacity 1941K, committed 2048K, reserved 1048576K
Event: 3.109 GC heap after
Heap after GC invocations=4 (full 0):
 PSYoungGen      total 37888K, used 5088K [0x00000000d6200000, 0x00000000dac00000, 0x0000000100000000)
  eden space 32768K, 0% used [0x00000000d6200000,0x00000000d6200000,0x00000000d8200000)
  from space 5120K, 99% used [0x00000000d8700000,0x00000000d8bf8040,0x00000000d8c00000)
  to   space 5120K, 0% used [0x00000000d8200000,0x00000000d8200000,0x00000000d8700000)
 ParOldGen       total 86016K, used 9253K [0x0000000082600000, 0x0000000087a00000, 0x00000000d6200000)
  object space 86016K, 10% used [0x0000000082600000,0x0000000082f09698,0x0000000087a00000)
 Metaspace       used 15125K, capacity 15398K, committed 15616K, reserved 1062912K
  class space    used 1837K, capacity 1941K, committed 2048K, reserved 1048576K
}
Event: 4.583 GC heap before
{Heap before GC invocations=5 (full 0):
 PSYoungGen      total 37888K, used 37856K [0x00000000d6200000, 0x00000000dac00000, 0x0000000100000000)
  eden space 32768K, 100% used [0x00000000d6200000,0x00000000d8200000,0x00000000d8200000)
  from space 5120K, 99% used [0x00000000d8700000,0x00000000d8bf8040,0x00000000d8c00000)
  to   space 5120K, 0% used [0x00000000d8200000,0x00000000d8200000,0x00000000d8700000)
 ParOldGen       total 86016K, used 9253K [0x0000000082600000, 0x0000000087a00000, 0x00000000d6200000)
  object space 86016K, 10% used [0x0000000082600000,0x0000000082f09698,0x0000000087a00000)
 Metaspace       used 15426K, capacity 15666K, committed 15872K, reserved 1062912K
  class space    used 1861K, capacity 1943K, committed 2048K, reserved 1048576K
Event: 4.600 GC heap after
Heap after GC invocations=5 (full 0):
 PSYoungGen      total 37888K, used 5104K [0x00000000d6200000, 0x00000000db900000, 0x0000000100000000)
  eden space 32768K, 0% used [0x00000000d6200000,0x00000000d6200000,0x00000000d8200000)
  from space 5120K, 99% used [0x00000000d8200000,0x00000000d86fc030,0x00000000d8700000)
  to   space 11776K, 0% used [0x00000000dad80000,0x00000000dad80000,0x00000000db900000)
 ParOldGen       total 86016K, used 13385K [0x0000000082600000, 0x0000000087a00000, 0x00000000d6200000)
  object space 86016K, 15% used [0x0000000082600000,0x00000000833127f8,0x0000000087a00000)
 Metaspace       used 15426K, capacity 15666K, committed 15872K, reserved 1062912K
  class space    used 1861K, capacity 1943K, committed 2048K, reserved 1048576K
}
Event: 6.096 GC heap before
{Heap before GC invocations=6 (full 0):
 PSYoungGen      total 37888K, used 37872K [0x00000000d6200000, 0x00000000db900000, 0x0000000100000000)
  eden space 32768K, 100% used [0x00000000d6200000,0x00000000d8200000,0x00000000d8200000)
  from space 5120K, 99% used [0x00000000d8200000,0x00000000d86fc030,0x00000000d8700000)
  to   space 11776K, 0% used [0x00000000dad80000,0x00000000dad80000,0x00000000db900000)
 ParOldGen       total 86016K, used 13385K [0x0000000082600000, 0x0000000087a00000, 0x00000000d6200000)
  object space 86016K, 15% used [0x0000000082600000,0x00000000833127f8,0x0000000087a00000)
 Metaspace       used 15579K, capacity 15876K, committed 16128K, reserved 1062912K
  class space    used 1865K, capacity 1946K, committed 2048K, reserved 1048576K
Event: 6.111 GC heap after
Heap after GC invocations=6 (full 0):
 PSYoungGen      total 76288K, used 8016K [0x00000000d6200000, 0x00000000db800000, 0x0000000100000000)
  eden space 65536K, 0% used [0x00000000d6200000,0x00000000d6200000,0x00000000da200000)
  from space 10752K, 74% used [0x00000000dad80000,0x00000000db554010,0x00000000db800000)
  to   space 11264K, 0% used [0x00000000da200000,0x00000000da200000,0x00000000dad00000)
 ParOldGen       total 86016K, used 13393K [0x0000000082600000, 0x0000000087a00000, 0x00000000d6200000)
  object space 86016K, 15% used [0x0000000082600000,0x00000000833147f8,0x0000000087a00000)
 Metaspace       used 15579K, capacity 15876K, committed 16128K, reserved 1062912K
  class space    used 1865K, capacity 1946K, committed 2048K, reserved 1048576K
}
Event: 11.153 GC heap before
{Heap before GC invocations=7 (full 0):
 PSYoungGen      total 76288K, used 73552K [0x00000000d6200000, 0x00000000db800000, 0x0000000100000000)
  eden space 65536K, 100% used [0x00000000d6200000,0x00000000da200000,0x00000000da200000)
  from space 10752K, 74% used [0x00000000dad80000,0x00000000db554010,0x00000000db800000)
  to   space 11264K, 0% used [0x00000000da200000,0x00000000da200000,0x00000000dad00000)
 ParOldGen       total 86016K, used 13393K [0x0000000082600000, 0x0000000087a00000, 0x00000000d6200000)
  object space 86016K, 15% used [0x0000000082600000,0x00000000833147f8,0x0000000087a00000)
 Metaspace       used 16793K, capacity 17134K, committed 17280K, reserved 1064960K
  class space    used 1979K, capacity 2085K, committed 2176K, reserved 1048576K
Event: 11.169 GC heap after
Heap after GC invocations=7 (full 0):
 PSYoungGen      total 76800K, used 11264K [0x00000000d6200000, 0x00000000db800000, 0x0000000100000000)
  eden space 65536K, 0% used [0x00000000d6200000,0x00000000d6200000,0x00000000da200000)
  from space 11264K, 100% used [0x00000000da200000,0x00000000dad00000,0x00000000dad00000)
  to   space 10752K, 0% used [0x00000000dad80000,0x00000000dad80000,0x00000000db800000)
 ParOldGen       total 86016K, used 15920K [0x0000000082600000, 0x0000000087a00000, 0x00000000d6200000)
  object space 86016K, 18% used [0x0000000082600000,0x000000008358c228,0x0000000087a00000)
 Metaspace       used 16793K, capacity 17134K, committed 17280K, reserved 1064960K
  class space    used 1979K, capacity 2085K, committed 2176K, reserved 1048576K
}

Deoptimization events (10 events):
Event: 8.327 Thread 0x0000000002c5e000 Uncommon trap: reason=speculate_class_check action=maybe_recompile pc=0x00000000039f1244 method=java.nio.charset.CharsetDecoder.decode(Ljava/nio/ByteBuffer;Ljava/nio/CharBuffer;Z)Ljava/nio/charset/CoderResult; @ 57
Event: 8.659 Thread 0x0000000002c5e000 Uncommon trap: reason=unstable_if action=reinterpret pc=0x00000000037ef43c method=org.codehaus.plexus.util.StringUtils.isNotEmpty(Ljava/lang/String;)Z @ 8
Event: 8.660 Thread 0x0000000002c5e000 Uncommon trap: reason=class_check action=maybe_recompile pc=0x000000000313fc44 method=org.eclipse.sisu.wire.EntryListAdapter$ValueIterator.hasNext()Z @ 4
Event: 10.668 Thread 0x0000000002c5e000 Uncommon trap: reason=bimorphic action=maybe_recompile pc=0x00000000035af310 method=java.util.regex.Pattern$CharProperty.match(Ljava/util/regex/Matcher;ILjava/lang/CharSequence;)Z @ 37
Event: 11.559 Thread 0x0000000002c5e000 Uncommon trap: reason=bimorphic action=maybe_recompile pc=0x00000000035756d0 method=java.util.concurrent.ConcurrentHashMap.get(Ljava/lang/Object;)Ljava/lang/Object; @ 149
Event: 11.591 Thread 0x0000000002c5e000 Uncommon trap: reason=bimorphic action=maybe_recompile pc=0x00000000035756d0 method=java.util.concurrent.ConcurrentHashMap.get(Ljava/lang/Object;)Ljava/lang/Object; @ 149
Event: 11.612 Thread 0x0000000002c5e000 Uncommon trap: reason=class_check action=maybe_recompile pc=0x000000000313fc44 method=org.eclipse.sisu.wire.EntryListAdapter$ValueIterator.hasNext()Z @ 4
Event: 13.783 Thread 0x0000000002c5e000 Uncommon trap: reason=bimorphic action=maybe_recompile pc=0x00000000035af310 method=java.util.regex.Pattern$CharProperty.match(Ljava/util/regex/Matcher;ILjava/lang/CharSequence;)Z @ 37
Event: 13.789 Thread 0x0000000002c5e000 Uncommon trap: reason=unstable_if action=reinterpret pc=0x000000000384e114 method=com.google.inject.internal.InjectorImpl.callInContext(Lcom/google/inject/internal/ContextualCallable;)Ljava/lang/Object; @ 161
Event: 13.795 Thread 0x0000000002c5e000 Uncommon trap: reason=bimorphic action=maybe_recompile pc=0x00000000035756d0 method=java.util.concurrent.ConcurrentHashMap.get(Ljava/lang/Object;)Ljava/lang/Object; @ 149

Classes redefined (0 events):
No events

Internal exceptions (10 events):
Event: 3.418 Thread 0x0000000002c5e000 Implicit null exception at 0x00000000032ad115 to 0x00000000032ad311
Event: 3.418 Thread 0x0000000002c5e000 Implicit null exception at 0x00000000032c7aef to 0x00000000032c7b59
Event: 3.967 Thread 0x0000000002c5e000 Implicit null exception at 0x0000000003669145 to 0x00000000036693e1
Event: 3.967 Thread 0x0000000002c5e000 Implicit null exception at 0x00000000035a7057 to 0x00000000035a7851
Event: 3.967 Thread 0x0000000002c5e000 Implicit null exception at 0x0000000003332f3b to 0x0000000003333509
Event: 4.005 Thread 0x0000000002c5e000 Implicit null exception at 0x000000000370fc0f to 0x0000000003710159
Event: 4.262 Thread 0x0000000002c5e000 Implicit null exception at 0x0000000003817665 to 0x0000000003818b9d
Event: 7.255 Thread 0x0000000002c5e000 Implicit null exception at 0x0000000003989f66 to 0x000000000398a5f5
Event: 13.789 Thread 0x0000000002c5e000 Implicit null exception at 0x000000000384cee7 to 0x000000000384e0f5
Event: 13.838 Thread 0x0000000002c5e000 Exception <a 'java/lang/ClassNotFoundException': com/sun/tools/javac/api/JavacTool> (0x00000000d6ee3198) thrown at [C:\re\workspace\8-2-build-windows-amd64-cygwin\jdk8u201\12322\hotspot\src\share\vm\classfile\systemDictionary.cpp, line 210]

Events (10 events):
Event: 13.985 loading class com/sun/tools/javac/comp/Check
Event: 13.985 loading class com/sun/tools/javac/comp/Check done
Event: 13.988 loading class com/sun/tools/javac/comp/Check$CheckContext
Event: 13.988 loading class com/sun/tools/javac/comp/Check$CheckContext done
Event: 13.989 loading class com/sun/tools/javac/comp/Check$5
Event: 13.989 loading class com/sun/tools/javac/comp/Check$5 done
Event: 13.992 loading class com/sun/tools/javac/code/DeferredLintHandler$LintLogger
Event: 13.992 loading class com/sun/tools/javac/code/DeferredLintHandler$LintLogger done
Event: 13.992 loading class com/sun/tools/javac/tree/JCTree$Visitor
Event: 13.992 loading class com/sun/tools/javac/tree/JCTree$Visitor done


Dynamic libraries:
0x00007ff669840000 - 0x00007ff669877000 	E:\Java\jdk1.8.0_201\bin\java.exe
0x00007ff8966e0000 - 0x00007ff8968cd000 	C:\Windows\SYSTEM32\ntdll.dll
0x00007ff8960f0000 - 0x00007ff8961a3000 	C:\Windows\System32\KERNEL32.DLL
0x00007ff893230000 - 0x00007ff8934c3000 	C:\Windows\System32\KERNELBASE.dll
0x00007ff896600000 - 0x00007ff8966a3000 	C:\Windows\System32\ADVAPI32.dll
0x00007ff893c50000 - 0x00007ff893cee000 	C:\Windows\System32\msvcrt.dll
0x00007ff893d20000 - 0x00007ff893dbe000 	C:\Windows\System32\sechost.dll
0x00007ff8964d0000 - 0x00007ff8965f2000 	C:\Windows\System32\RPCRT4.dll
0x00007ff893ab0000 - 0x00007ff893c47000 	C:\Windows\System32\USER32.dll
0x00007ff8937f0000 - 0x00007ff893810000 	C:\Windows\System32\win32u.dll
0x00007ff893a80000 - 0x00007ff893aa9000 	C:\Windows\System32\GDI32.dll
0x00007ff8935b0000 - 0x00007ff893749000 	C:\Windows\System32\gdi32full.dll
0x00007ff893750000 - 0x00007ff8937f0000 	C:\Windows\System32\msvcp_win.dll
0x00007ff8927b0000 - 0x00007ff8928aa000 	C:\Windows\System32\ucrtbase.dll
0x00007ff8868c0000 - 0x00007ff886b39000 	C:\Windows\WinSxS\amd64_microsoft.windows.common-controls_6595b64144ccf1df_6.0.17763.615_none_05b4414a072024d4\COMCTL32.dll
0x00007ff893dc0000 - 0x00007ff8940ec000 	C:\Windows\System32\combase.dll
0x00007ff8934d0000 - 0x00007ff89354e000 	C:\Windows\System32\bcryptPrimitives.dll
0x00007ff893cf0000 - 0x00007ff893d1e000 	C:\Windows\System32\IMM32.DLL
0x000000006e1c0000 - 0x000000006e291000 	E:\Java\jdk1.8.0_201\jre\bin\msvcr100.dll
0x000000006d910000 - 0x000000006e1b4000 	E:\Java\jdk1.8.0_201\jre\bin\server\jvm.dll
0x00007ff8945d0000 - 0x00007ff8945d8000 	C:\Windows\System32\PSAPI.DLL
0x00007ff887440000 - 0x00007ff887464000 	C:\Windows\SYSTEM32\WINMM.dll
0x00007ff88b670000 - 0x00007ff88b679000 	C:\Windows\SYSTEM32\WSOCK32.dll
0x00007ff88a900000 - 0x00007ff88a90a000 	C:\Windows\SYSTEM32\VERSION.dll
0x00007ff895ea0000 - 0x00007ff895f0d000 	C:\Windows\System32\WS2_32.dll
0x00007ff886ef0000 - 0x00007ff886f1d000 	C:\Windows\SYSTEM32\WINMMBASE.dll
0x00007ff8928b0000 - 0x00007ff8928fa000 	C:\Windows\System32\cfgmgr32.dll
0x00007ff8823a0000 - 0x00007ff8823af000 	E:\Java\jdk1.8.0_201\jre\bin\verify.dll
0x00007ff8820c0000 - 0x00007ff8820e9000 	E:\Java\jdk1.8.0_201\jre\bin\java.dll
0x00007ff882090000 - 0x00007ff8820b3000 	E:\Java\jdk1.8.0_201\jre\bin\instrument.dll
0x00007ff8810b0000 - 0x00007ff8810c6000 	E:\Java\jdk1.8.0_201\jre\bin\zip.dll
0x00007ff8946d0000 - 0x00007ff895bc0000 	C:\Windows\System32\SHELL32.dll
0x00007ff895df0000 - 0x00007ff895e98000 	C:\Windows\System32\shcore.dll
0x00007ff892ae0000 - 0x00007ff89322a000 	C:\Windows\System32\windows.storage.dll
0x00007ff892780000 - 0x00007ff8927a4000 	C:\Windows\System32\profapi.dll
0x00007ff8926e0000 - 0x00007ff89273d000 	C:\Windows\System32\powrprof.dll
0x00007ff896280000 - 0x00007ff8962d2000 	C:\Windows\System32\shlwapi.dll
0x00007ff892740000 - 0x00007ff892751000 	C:\Windows\System32\kernel.appcore.dll
0x00007ff8938f0000 - 0x00007ff893907000 	C:\Windows\System32\cryptsp.dll
0x00007ff87e6b0000 - 0x00007ff87e6ca000 	E:\Tools\IntelliJ IDEA Community Edition 2018.3.5\bin\breakgen64.dll
0x00007ff87dc80000 - 0x00007ff87dc9a000 	E:\Java\jdk1.8.0_201\jre\bin\net.dll
0x00007ff87f640000 - 0x00007ff87f817000 	C:\Windows\SYSTEM32\urlmon.dll
0x00007ff886b40000 - 0x00007ff886de8000 	C:\Windows\SYSTEM32\iertutil.dll
0x00007ff892080000 - 0x00007ff89208c000 	C:\Windows\SYSTEM32\CRYPTBASE.DLL
0x00007ff891f00000 - 0x00007ff891f67000 	C:\Windows\system32\mswsock.dll
0x00007ff880eb0000 - 0x00007ff880ec1000 	E:\Java\jdk1.8.0_201\jre\bin\nio.dll

VM Arguments:
jvm_args: -Dmaven.multiModuleProjectDirectory=E:\Projects\sbaserver -Dmaven.home=E:\Tools\IntelliJ IDEA Community Edition 2018.3.5\plugins\maven\lib\maven3 -Dclassworlds.conf=E:\Tools\IntelliJ IDEA Community Edition 2018.3.5\plugins\maven\lib\maven3\bin\m2.conf -javaagent:E:\Tools\IntelliJ IDEA Community Edition 2018.3.5\lib\idea_rt.jar=63108:E:\Tools\IntelliJ IDEA Community Edition 2018.3.5\bin -Dfile.encoding=UTF-8 
java_command: org.codehaus.classworlds.Launcher -Didea.version=2018.3.5 -DskipTests=true org.springframework.boot:spring-boot-maven-plugin:2.1.6.RELEASE:run
java_class_path (initial): E:\Tools\IntelliJ IDEA Community Edition 2018.3.5\plugins\maven\lib\maven3\boot\plexus-classworlds-2.5.2.jar;E:\Tools\IntelliJ IDEA Community Edition 2018.3.5\lib\idea_rt.jar
Launcher Type: SUN_STANDARD

Environment Variables:
JAVA_HOME=E:\Java\jdk1.8.0_201
PATH=C:\ProgramData\DockerDesktop\version-bin;C:\Program Files\Docker\Docker\Resources\bin;C:\Program Files (x86)\Common Files\Oracle\Java\javapath;C:\Windows\system32;C:\Windows;C:\Windows\System32\Wbem;C:\Windows\System32\WindowsPowerShell\v1.0\;C:\Windows\System32\OpenSSH\;E:\nodejs\;E:\Tools\Git\cmd;E:\Tools\Choco\bin;E:\Tools\TortoiseSVN\bin;E:\Tools\svn\bin;E:\Tools\apache-maven-3.6.0\apache-maven-3.6.0\bin;E:\Java\jdk1.8.0_201\bin;C:\Users\avach\AppData\Local\Microsoft\WindowsApps;C:\Users\avach\AppData\Roaming\npm;e:\Tools\Microsoft VS Code\bin
USERNAME=avach
OS=Windows_NT
PROCESSOR_IDENTIFIER=Intel64 Family 6 Model 142 Stepping 11, GenuineIntel



---------------  S Y S T E M  ---------------

OS: Windows 10.0 , 64 bit Build 17763 (10.0.17763.475)

CPU:total 8 (initial active 8) (4 cores per cpu, 2 threads per core) family 6 model 142 stepping 11, cmov, cx8, fxsr, mmx, sse, sse2, sse3, ssse3, sse4.1, sse4.2, popcnt, avx, avx2, aes, clmul, erms, 3dnowpref, lzcnt, ht, tsc, tscinvbit, bmi1, bmi2, adx

Memory: 4k page, physical 8230268k(461968k free), swap 14374268k(5356k free)

vm_info: Java HotSpot(TM) 64-Bit Server VM (25.201-b09) for windows-amd64 JRE (1.8.0_201-b09), built on Dec 15 2018 18:36:39 by "java_re" with MS VC++ 10.0 (VS2010)

time: Sun Aug 04 20:07:51 2019
timezone: Eastern Daylight Time
elapsed time: 14 seconds (0d 0h 0m 14s)

